This file contains any messages produced by compilers while
running configure, to aid debugging if configure makes a mistake.

It was created by Frap configure 0.1, which was
generated by GNU Autoconf 2.67.  Invocation command line was

  $ ./configure 

## --------- ##
## Platform. ##
## --------- ##

hostname = phy-pc3089
uname -m = x86_64
uname -r = 2.6.38-11-generic
uname -s = Linux
uname -v = #50-Ubuntu SMP Mon Sep 12 21:17:25 UTC 2011

/usr/bin/uname -p = unknown
/bin/uname -X     = unknown

/bin/arch              = unknown
/usr/bin/arch -k       = unknown
/usr/convex/getsysinfo = unknown
/usr/bin/hostinfo      = unknown
/bin/machine           = unknown
/usr/bin/oslevel       = unknown
/bin/universe          = unknown

PATH: /usr/local/sbin
PATH: /usr/local/bin
PATH: /usr/sbin
PATH: /usr/bin
PATH: /sbin
PATH: /bin
PATH: /usr/games


## ----------- ##
## Core tests. ##
## ----------- ##

configure:2151: checking for a BSD-compatible install
configure:2219: result: /usr/bin/install -c
configure:2230: checking whether build environment is sane
configure:2280: result: yes
configure:2421: checking for a thread-safe mkdir -p
configure:2460: result: /bin/mkdir -p
configure:2473: checking for gawk
configure:2489: found /usr/bin/gawk
configure:2500: result: gawk
configure:2511: checking whether make sets $(MAKE)
configure:2533: result: yes
configure:2618: checking for style of include used by make
configure:2646: result: GNU
configure:2716: checking for gcc
configure:2732: found /usr/bin/gcc
configure:2743: result: gcc
configure:2972: checking for C compiler version
configure:2981: gcc --version >&5
gcc (Ubuntu/Linaro 4.5.2-8ubuntu4) 4.5.2
Copyright (C) 2010 Free Software Foundation, Inc.
This is free software; see the source for copying conditions.  There is NO
warranty; not even for MERCHANTABILITY or FITNESS FOR A PARTICULAR PURPOSE.

configure:2992: $? = 0
configure:2981: gcc -v >&5
Using built-in specs.
COLLECT_GCC=gcc
COLLECT_LTO_WRAPPER=/usr/lib/x86_64-linux-gnu/gcc/x86_64-linux-gnu/4.5.2/lto-wrapper
Target: x86_64-linux-gnu
Configured with: ../src/configure -v --with-pkgversion='Ubuntu/Linaro 4.5.2-8ubuntu4' --with-bugurl=file:///usr/share/doc/gcc-4.5/README.Bugs --enable-languages=c,c++,fortran,objc,obj-c++ --prefix=/usr --program-suffix=-4.5 --enable-shared --enable-multiarch --with-multiarch-defaults=x86_64-linux-gnu --enable-linker-build-id --with-system-zlib --libexecdir=/usr/lib/x86_64-linux-gnu --without-included-gettext --enable-threads=posix --with-gxx-include-dir=/usr/include/c++/4.5 --libdir=/usr/lib/x86_64-linux-gnu --enable-nls --with-sysroot=/ --enable-clocale=gnu --enable-libstdcxx-debug --enable-libstdcxx-time=yes --enable-plugin --enable-gold --enable-ld=default --with-plugin-ld=ld.gold --enable-objc-gc --disable-werror --with-arch-32=i686 --with-tune=generic --enable-checking=release --build=x86_64-linux-gnu --host=x86_64-linux-gnu --target=x86_64-linux-gnu
Thread model: posix
gcc version 4.5.2 (Ubuntu/Linaro 4.5.2-8ubuntu4) 
configure:2992: $? = 0
configure:2981: gcc -V >&5
gcc: '-V' option must have argument
configure:2992: $? = 1
configure:2981: gcc -qversion >&5
gcc: unrecognized option '-qversion'
gcc: no input files
configure:2992: $? = 1
configure:3012: checking whether the C compiler works
configure:3034: gcc    conftest.c  >&5
configure:3038: $? = 0
configure:3086: result: yes
configure:3089: checking for C compiler default output file name
configure:3091: result: a.out
configure:3097: checking for suffix of executables
configure:3104: gcc -o conftest    conftest.c  >&5
configure:3108: $? = 0
configure:3130: result: 
configure:3152: checking whether we are cross compiling
configure:3160: gcc -o conftest    conftest.c  >&5
configure:3164: $? = 0
configure:3171: ./conftest
configure:3175: $? = 0
configure:3190: result: no
configure:3195: checking for suffix of object files
configure:3217: gcc -c   conftest.c >&5
configure:3221: $? = 0
configure:3242: result: o
configure:3246: checking whether we are using the GNU C compiler
configure:3265: gcc -c   conftest.c >&5
configure:3265: $? = 0
configure:3274: result: yes
configure:3283: checking whether gcc accepts -g
configure:3303: gcc -c -g  conftest.c >&5
configure:3303: $? = 0
configure:3344: result: yes
configure:3361: checking for gcc option to accept ISO C89
configure:3425: gcc  -c -g -O2  conftest.c >&5
configure:3425: $? = 0
configure:3438: result: none needed
configure:3460: checking dependency style of gcc
configure:3570: result: gcc3
configure:3591: checking how to run the C preprocessor
configure:3622: gcc -E  conftest.c
configure:3622: $? = 0
configure:3636: gcc -E  conftest.c
conftest.c:9:28: fatal error: ac_nonexistent.h: No such file or directory
compilation terminated.
configure:3636: $? = 1
configure: failed program was:
| /* confdefs.h */
| #define PACKAGE_NAME "Frap"
| #define PACKAGE_TARNAME "frap"
| #define PACKAGE_VERSION "0.1"
| #define PACKAGE_STRING "Frap 0.1"
| #define PACKAGE_BUGREPORT "phyjpb@leeds.ac.uk"
| #define PACKAGE_URL "http://mpi.leeds.ac.uk/software/frap"
| /* end confdefs.h.  */
| #include <ac_nonexistent.h>
configure:3661: result: gcc -E
configure:3681: gcc -E  conftest.c
configure:3681: $? = 0
configure:3695: gcc -E  conftest.c
conftest.c:9:28: fatal error: ac_nonexistent.h: No such file or directory
compilation terminated.
configure:3695: $? = 1
configure: failed program was:
| /* confdefs.h */
| #define PACKAGE_NAME "Frap"
| #define PACKAGE_TARNAME "frap"
| #define PACKAGE_VERSION "0.1"
| #define PACKAGE_STRING "Frap 0.1"
| #define PACKAGE_BUGREPORT "phyjpb@leeds.ac.uk"
| #define PACKAGE_URL "http://mpi.leeds.ac.uk/software/frap"
| /* end confdefs.h.  */
| #include <ac_nonexistent.h>
configure:3724: checking for grep that handles long lines and -e
configure:3782: result: /bin/grep
configure:3787: checking for egrep
configure:3849: result: /bin/grep -E
configure:3854: checking for ANSI C header files
configure:3874: gcc -c -g -O2  conftest.c >&5
configure:3874: $? = 0
configure:3947: gcc -o conftest -g -O2   conftest.c  >&5
configure:3947: $? = 0
configure:3947: ./conftest
configure:3947: $? = 0
configure:3958: result: yes
configure:3971: checking for sys/types.h
configure:3971: gcc -c -g -O2  conftest.c >&5
configure:3971: $? = 0
configure:3971: result: yes
configure:3971: checking for sys/stat.h
configure:3971: gcc -c -g -O2  conftest.c >&5
configure:3971: $? = 0
configure:3971: result: yes
configure:3971: checking for stdlib.h
configure:3971: gcc -c -g -O2  conftest.c >&5
configure:3971: $? = 0
configure:3971: result: yes
configure:3971: checking for string.h
configure:3971: gcc -c -g -O2  conftest.c >&5
configure:3971: $? = 0
configure:3971: result: yes
configure:3971: checking for memory.h
configure:3971: gcc -c -g -O2  conftest.c >&5
configure:3971: $? = 0
configure:3971: result: yes
configure:3971: checking for strings.h
configure:3971: gcc -c -g -O2  conftest.c >&5
configure:3971: $? = 0
configure:3971: result: yes
configure:3971: checking for inttypes.h
configure:3971: gcc -c -g -O2  conftest.c >&5
configure:3971: $? = 0
configure:3971: result: yes
configure:3971: checking for stdint.h
configure:3971: gcc -c -g -O2  conftest.c >&5
configure:3971: $? = 0
configure:3971: result: yes
configure:3971: checking for unistd.h
configure:3971: gcc -c -g -O2  conftest.c >&5
configure:3971: $? = 0
configure:3971: result: yes
configure:3983: checking tiffio.h usability
configure:3983: gcc -c -g -O2  conftest.c >&5
configure:3983: $? = 0
configure:3983: result: yes
configure:3983: checking tiffio.h presence
configure:3983: gcc -E  conftest.c
configure:3983: $? = 0
configure:3983: result: yes
configure:3983: checking for tiffio.h
configure:3983: result: yes
configure:4030: checking for gsl-config
configure:4048: found /usr/bin/gsl-config
configure:4061: result: /usr/bin/gsl-config
configure:4070: checking for GSL - version >= 1.13
configure:4164: gcc -o conftest -g -O2 -I/usr/include   conftest.c  -L/usr/lib -lgsl -lgslcblas -lm >&5
conftest.c: In function 'main':
conftest.c:49:10: warning: ignoring return value of 'system', declared with attribute warn_unused_result
configure:4164: $? = 0
configure:4164: ./conftest
configure:4164: $? = 0
configure:4178: result: yes
configure:4305: checking for g++
configure:4321: found /usr/bin/g++
configure:4332: result: g++
configure:4359: checking for C++ compiler version
configure:4368: g++ --version >&5
g++ (Ubuntu/Linaro 4.5.2-8ubuntu4) 4.5.2
Copyright (C) 2010 Free Software Foundation, Inc.
This is free software; see the source for copying conditions.  There is NO
warranty; not even for MERCHANTABILITY or FITNESS FOR A PARTICULAR PURPOSE.

configure:4379: $? = 0
configure:4368: g++ -v >&5
Using built-in specs.
COLLECT_GCC=g++
COLLECT_LTO_WRAPPER=/usr/lib/x86_64-linux-gnu/gcc/x86_64-linux-gnu/4.5.2/lto-wrapper
Target: x86_64-linux-gnu
Configured with: ../src/configure -v --with-pkgversion='Ubuntu/Linaro 4.5.2-8ubuntu4' --with-bugurl=file:///usr/share/doc/gcc-4.5/README.Bugs --enable-languages=c,c++,fortran,objc,obj-c++ --prefix=/usr --program-suffix=-4.5 --enable-shared --enable-multiarch --with-multiarch-defaults=x86_64-linux-gnu --enable-linker-build-id --with-system-zlib --libexecdir=/usr/lib/x86_64-linux-gnu --without-included-gettext --enable-threads=posix --with-gxx-include-dir=/usr/include/c++/4.5 --libdir=/usr/lib/x86_64-linux-gnu --enable-nls --with-sysroot=/ --enable-clocale=gnu --enable-libstdcxx-debug --enable-libstdcxx-time=yes --enable-plugin --enable-gold --enable-ld=default --with-plugin-ld=ld.gold --enable-objc-gc --disable-werror --with-arch-32=i686 --with-tune=generic --enable-checking=release --build=x86_64-linux-gnu --host=x86_64-linux-gnu --target=x86_64-linux-gnu
Thread model: posix
gcc version 4.5.2 (Ubuntu/Linaro 4.5.2-8ubuntu4) 
configure:4379: $? = 0
configure:4368: g++ -V >&5
g++: '-V' option must have argument
configure:4379: $? = 1
configure:4368: g++ -qversion >&5
g++: unrecognized option '-qversion'
g++: no input files
configure:4379: $? = 1
configure:4383: checking whether we are using the GNU C++ compiler
configure:4402: g++ -c   conftest.cpp >&5
configure:4402: $? = 0
configure:4411: result: yes
configure:4420: checking whether g++ accepts -g
configure:4440: g++ -c -g  conftest.cpp >&5
configure:4440: $? = 0
configure:4481: result: yes
configure:4506: checking dependency style of g++
configure:4616: result: gcc3
configure:4756: creating ./config.status

## ---------------------- ##
## Running config.status. ##
## ---------------------- ##

This file was extended by Frap config.status 0.1, which was
generated by GNU Autoconf 2.67.  Invocation command line was

  CONFIG_FILES    = 
  CONFIG_HEADERS  = 
  CONFIG_LINKS    = 
  CONFIG_COMMANDS = 
  $ ./config.status 

on phy-pc3089

config.status:868: creating Makefile
config.status:868: creating config.h
config.status:1048: config.h is unchanged
config.status:1096: executing depfiles commands

## ---------------- ##
## Cache variables. ##
## ---------------- ##

ac_cv_c_compiler_gnu=yes
ac_cv_cxx_compiler_gnu=yes
ac_cv_env_CCC_set=
ac_cv_env_CCC_value=
ac_cv_env_CC_set=
ac_cv_env_CC_value=
ac_cv_env_CFLAGS_set=
ac_cv_env_CFLAGS_value=
ac_cv_env_CPPFLAGS_set=
ac_cv_env_CPPFLAGS_value=
ac_cv_env_CPP_set=
ac_cv_env_CPP_value=
ac_cv_env_CXXFLAGS_set=
ac_cv_env_CXXFLAGS_value=
ac_cv_env_CXX_set=
ac_cv_env_CXX_value=
ac_cv_env_LDFLAGS_set=
ac_cv_env_LDFLAGS_value=
ac_cv_env_LIBS_set=
ac_cv_env_LIBS_value=
ac_cv_env_build_alias_set=
ac_cv_env_build_alias_value=
ac_cv_env_host_alias_set=
ac_cv_env_host_alias_value=
ac_cv_env_target_alias_set=
ac_cv_env_target_alias_value=
ac_cv_header_inttypes_h=yes
ac_cv_header_memory_h=yes
ac_cv_header_stdc=yes
ac_cv_header_stdint_h=yes
ac_cv_header_stdlib_h=yes
ac_cv_header_string_h=yes
ac_cv_header_strings_h=yes
ac_cv_header_sys_stat_h=yes
ac_cv_header_sys_types_h=yes
ac_cv_header_tiffio_h=yes
ac_cv_header_unistd_h=yes
ac_cv_objext=o
ac_cv_path_EGREP='/bin/grep -E'
ac_cv_path_GREP=/bin/grep
ac_cv_path_GSL_CONFIG=/usr/bin/gsl-config
ac_cv_path_install='/usr/bin/install -c'
ac_cv_path_mkdir=/bin/mkdir
ac_cv_prog_AWK=gawk
ac_cv_prog_CPP='gcc -E'
ac_cv_prog_ac_ct_CC=gcc
ac_cv_prog_ac_ct_CXX=g++
ac_cv_prog_cc_c89=
ac_cv_prog_cc_g=yes
ac_cv_prog_cxx_g=yes
ac_cv_prog_make_make_set=yes
am_cv_CC_dependencies_compiler_type=gcc3
am_cv_CXX_dependencies_compiler_type=gcc3

## ----------------- ##
## Output variables. ##
## ----------------- ##

ACLOCAL='${SHELL} /home/DS/phyjpb/Programming/C/frap-tool/missing --run aclocal-1.11'
AMDEPBACKSLASH='\'
AMDEP_FALSE='#'
AMDEP_TRUE=''
AMTAR='${SHELL} /home/DS/phyjpb/Programming/C/frap-tool/missing --run tar'
AUTOCONF='${SHELL} /home/DS/phyjpb/Programming/C/frap-tool/missing --run autoconf'
AUTOHEADER='${SHELL} /home/DS/phyjpb/Programming/C/frap-tool/missing --run autoheader'
AUTOMAKE='${SHELL} /home/DS/phyjpb/Programming/C/frap-tool/missing --run automake-1.11'
AWK='gawk'
CC='gcc'
CCDEPMODE='depmode=gcc3'
CFLAGS='-g -O2'
CIMG_LIBS='-L/usr/X11R6/lib -lpthread -lX11'
CPP='gcc -E'
CPPFLAGS=''
CXX='g++'
CXXDEPMODE='depmode=gcc3'
CXXFLAGS='-g -O2'
CYGPATH_W='echo'
DEFS='-DHAVE_CONFIG_H'
DEPDIR='.deps'
ECHO_C=''
ECHO_N='-n'
ECHO_T=''
EGREP='/bin/grep -E'
EXEEXT=''
GREP='/bin/grep'
GSL_CFLAGS='-I/usr/include'
GSL_CONFIG='/usr/bin/gsl-config'
GSL_LIBS='-L/usr/lib -lgsl -lgslcblas -lm'
INSTALL_DATA='${INSTALL} -m 644'
INSTALL_PROGRAM='${INSTALL}'
INSTALL_SCRIPT='${INSTALL}'
INSTALL_STRIP_PROGRAM='$(install_sh) -c -s'
LDFLAGS=''
LIBOBJS=''
LIBS=''
LTLIBOBJS=''
MAKEINFO='${SHELL} /home/DS/phyjpb/Programming/C/frap-tool/missing --run makeinfo'
MKDIR_P='/bin/mkdir -p'
OBJEXT='o'
OMP_OPTS='-fopenmp'
PACKAGE='frap'
PACKAGE_BUGREPORT='phyjpb@leeds.ac.uk'
PACKAGE_NAME='Frap'
PACKAGE_STRING='Frap 0.1'
PACKAGE_TARNAME='frap'
PACKAGE_URL='http://mpi.leeds.ac.uk/software/frap'
PACKAGE_VERSION='0.1'
PATH_SEPARATOR=':'
SET_MAKE=''
SHELL='/bin/bash'
STRIP=''
TIFF_LIBS='-ltiffxx'
VERSION='0.1'
ac_ct_CC='gcc'
ac_ct_CXX='g++'
am__EXEEXT_FALSE=''
am__EXEEXT_TRUE='#'
am__fastdepCC_FALSE='#'
am__fastdepCC_TRUE=''
am__fastdepCXX_FALSE='#'
am__fastdepCXX_TRUE=''
am__include='include'
am__isrc=''
am__leading_dot='.'
am__quote=''
am__tar='${AMTAR} chof - "$$tardir"'
am__untar='${AMTAR} xf -'
bindir='${exec_prefix}/bin'
build_alias=''
datadir='${datarootdir}'
datarootdir='${prefix}/share'
docdir='${datarootdir}/doc/${PACKAGE_TARNAME}'
dvidir='${docdir}'
exec_prefix='${prefix}'
host_alias=''
htmldir='${docdir}'
includedir='${prefix}/include'
infodir='${datarootdir}/info'
install_sh='${SHELL} /home/DS/phyjpb/Programming/C/frap-tool/install-sh'
libdir='${exec_prefix}/lib'
libexecdir='${exec_prefix}/libexec'
localedir='${datarootdir}/locale'
localstatedir='${prefix}/var'
mandir='${datarootdir}/man'
mkdir_p='/bin/mkdir -p'
oldincludedir='/usr/include'
pdfdir='${docdir}'
prefix='/usr/local'
program_transform_name='s,x,x,'
psdir='${docdir}'
sbindir='${exec_prefix}/sbin'
sharedstatedir='${prefix}/com'
sysconfdir='${prefix}/etc'
target_alias=''

## ----------- ##
## confdefs.h. ##
## ----------- ##

/* confdefs.h */
#define PACKAGE_NAME "Frap"
#define PACKAGE_TARNAME "frap"
#define PACKAGE_VERSION "0.1"
#define PACKAGE_STRING "Frap 0.1"
#define PACKAGE_BUGREPORT "phyjpb@leeds.ac.uk"
#define PACKAGE_URL "http://mpi.leeds.ac.uk/software/frap"
#define STDC_HEADERS 1
#define HAVE_SYS_TYPES_H 1
#define HAVE_SYS_STAT_H 1
#define HAVE_STDLIB_H 1
#define HAVE_STRING_H 1
#define HAVE_MEMORY_H 1
#define HAVE_STRINGS_H 1
#define HAVE_INTTYPES_H 1
#define HAVE_STDINT_H 1
#define HAVE_UNISTD_H 1
#define HAVE_TIFFIO_H 1

configure: exit 0
